0 info it worked if it ends with ok
1 verbose cli [ 'C:\\Program Files\\nodejs\\node.exe',
1 verbose cli   'C:\\Program Files\\nodejs\\node_modules\\npm\\bin\\npm-cli.js',
1 verbose cli   'install',
1 verbose cli   'fsevents',
1 verbose cli   '--save',
1 verbose cli   '--dev' ]
2 info using npm@3.10.10
3 info using node@v6.13.1
4 warn install Usage of the `--dev` option is deprecated. Use `--only=dev` instead.
5 silly loadCurrentTree Starting
6 silly install loadCurrentTree
7 silly install readLocalPackageData
8 silly fetchPackageMetaData fsevents
9 silly fetchNamedPackageData fsevents
10 silly mapToRegistry name fsevents
11 silly mapToRegistry using default registry
12 silly mapToRegistry registry https://registry.npmjs.org/
13 silly mapToRegistry data Result {
13 silly mapToRegistry   raw: 'fsevents',
13 silly mapToRegistry   scope: null,
13 silly mapToRegistry   escapedName: 'fsevents',
13 silly mapToRegistry   name: 'fsevents',
13 silly mapToRegistry   rawSpec: '',
13 silly mapToRegistry   spec: 'latest',
13 silly mapToRegistry   type: 'tag' }
14 silly mapToRegistry uri https://registry.npmjs.org/fsevents
15 verbose request uri https://registry.npmjs.org/fsevents
16 verbose request no auth needed
17 info attempt registry request try #1 at 12:09:36 PM
18 verbose request id a8e7035426a64909
19 verbose etag W/"bcffea2f69aac7abfa570bf3b20de6a0"
20 verbose lastModified Fri, 18 Jan 2019 15:54:31 GMT
21 http request GET https://registry.npmjs.org/fsevents
22 http 304 https://registry.npmjs.org/fsevents
23 verbose headers { date: 'Mon, 28 Jan 2019 17:09:36 GMT',
23 verbose headers   connection: 'keep-alive',
23 verbose headers   'set-cookie': [ '__cfduid=d7108e01361d3258b408aaff5de2114f91548695375; expires=Tue, 28-Jan-20 17:09:35 GMT; path=/; domain=.registry.npmjs.org; HttpOnly' ],
23 verbose headers   'cf-cache-status': 'HIT',
23 verbose headers   'cache-control': 'max-age=300',
23 verbose headers   'cf-ray': '4a051153de12c5ea-EWR',
23 verbose headers   etag: '"bcffea2f69aac7abfa570bf3b20de6a0"',
23 verbose headers   'expect-ct': 'max-age=604800, report-uri="https://report-uri.cloudflare.com/cdn-cgi/beacon/expect-ct"',
23 verbose headers   'last-modified': 'Fri, 18 Jan 2019 15:54:31 GMT',
23 verbose headers   vary: 'accept-encoding, accept',
23 verbose headers   'x-amz-meta-rev': '98-f5c810ab87c5a9d4100da1fba1ab6a54',
23 verbose headers   server: 'cloudflare' }
24 silly get cb [ 304,
24 silly get   { date: 'Mon, 28 Jan 2019 17:09:36 GMT',
24 silly get     connection: 'keep-alive',
24 silly get     'set-cookie': [ '__cfduid=d7108e01361d3258b408aaff5de2114f91548695375; expires=Tue, 28-Jan-20 17:09:35 GMT; path=/; domain=.registry.npmjs.org; HttpOnly' ],
24 silly get     'cf-cache-status': 'HIT',
24 silly get     'cache-control': 'max-age=300',
24 silly get     'cf-ray': '4a051153de12c5ea-EWR',
24 silly get     etag: '"bcffea2f69aac7abfa570bf3b20de6a0"',
24 silly get     'expect-ct': 'max-age=604800, report-uri="https://report-uri.cloudflare.com/cdn-cgi/beacon/expect-ct"',
24 silly get     'last-modified': 'Fri, 18 Jan 2019 15:54:31 GMT',
24 silly get     vary: 'accept-encoding, accept',
24 silly get     'x-amz-meta-rev': '98-f5c810ab87c5a9d4100da1fba1ab6a54',
24 silly get     server: 'cloudflare' } ]
25 verbose etag https://registry.npmjs.org/fsevents from cache
26 verbose get saving fsevents to C:\Users\paulp\AppData\Roaming\npm-cache\registry.npmjs.org\fsevents\.cache.json
27 verbose correctMkdir C:\Users\paulp\AppData\Roaming\npm-cache correctMkdir not in flight; initializing
28 silly install normalizeTree
29 silly loadCurrentTree Finishing
30 silly loadIdealTree Starting
31 silly install loadIdealTree
32 silly cloneCurrentTree Starting
33 silly install cloneCurrentTreeToIdealTree
34 silly cloneCurrentTree Finishing
35 silly loadShrinkwrap Starting
36 silly install loadShrinkwrap
37 silly loadShrinkwrap Finishing
38 silly loadAllDepsIntoIdealTree Starting
39 silly install loadAllDepsIntoIdealTree
40 silly rollbackFailedOptional Starting
41 silly rollbackFailedOptional Finishing
42 silly runTopLevelLifecycles Finishing
43 silly install printInstalled
44 verbose stack Error: Unsupported platform for fsevents@1.2.7: wanted {"name":"fsevents","version":"1.2.7","description":"Native Access to Mac OS-X FSEvents","main":"fsevents.js","dependencies":{"nan":"^2.9.2","node-pre-gyp":"^0.10.0"},"os":["darwin"],"engines":{"node":">=4.0"},"scripts":{"install":"node install","prepublish":"if [ $(npm -v | head -c 1) -lt 3 ]; then exit 1; fi && npm dedupe","test":"tap ./test","node-pre-gyp":"node-pre-gyp"},"binary":{"module_name":"fse","module_path":"./lib/binding/{configuration}/{node_abi}-{platform}-{arch}/","remote_path":"./v{version}/","package_name":"{module_name}-v{version}-{node_abi}-{platform}-{arch}.tar.gz","host":"https://fsevents-binaries.s3-us-west-2.amazonaws.com"},"repository":{"type":"git","url":"git+https://github.com/strongloop/fsevents.git"},"keywords":["fsevents","mac"],"author":{"name":"Philipp Dunkel","email":"pip@pipobscure.com"},"license":"MIT","bugs":{"url":"https://github.com/strongloop/fsevents/issues"},"homepage":"https://github.com/strongloop/fsevents","devDependencies":{"tap":"~0.4.8"},"gitHead":"581ee4b38e07024ac0bf747aa398440d99c84b6c","bundleDependencies":["node-pre-gyp"],"_id":"fsevents@1.2.7","_npmVersion":"6.4.1","_nodeVersion":"11.0.0","_npmUser":{"name":"pipobscure","email":"pip@pipobscure.com"},"dist":{"integrity":"sha512-Pxm6sI2MeBD7RdD12RYsqaP0nMiwx8eZBXCa6z2L+mRHm2DYrOYwihmhjpkdjUHwQhslWQjRpEgNq4XvBmaAuw==","shasum":"4851b664a3783e52003b3c66eb0eee1074933aa4","tarball":"https://registry.npmjs.org/fsevents/-/fsevents-1.2.7.tgz","fileCount":539,"unpackedSize":1868964,"npm-signature":"-----BEGIN PGP SIGNATURE-----\r\nVersion: OpenPGP.js v3.0.4\r\nComment: https://openpgpjs.org\r\n\r\nwsFcBAEBCAAQBQJcQfa0CRA9TVsSAnZWagAANW4QAJQ9k1TGZgD1gDEXIqvK\n4q9ujt9xIAP4lKDL8cV69wsKIr9DowaWWhn+oGc/jyf+z7iab5Oaxu4Xl0kx\nAPrfve6sGkx7Jogqg/io736S5iUsZKwaNqxDjDgRMk41oCs5O3U33R59m3Nt\nE0sM4VYKnLKNFaZUzEqo7Mcu+CFYAuvwcTvqD95jeQ2bU/UKehCZ2pbOEVRr\nZP2zqT7KUzChbHfu4b8o5DAJT2pRdjiKI/CP6HEp+Y82e9VePXiQtODCceUN\nt5bvoSh2MfsWdYklaB/mIXjyr/1kHu7AQaXv2t1o6Os6Qjf41GitJwo+fGva\n6ZCSPUpJfN/72A6emlSYGYshChXDxVJ+5DEa1+TcuVOWN4xVZoiZNol8BNTu\n3V8FDNyJqvSPpPKkw3XVR7jOKxeXN4C74OD6gBOY9UyaldvFwCRMzuXl9El9\nQ9DCb+z3Dc7UU3eppHISgmcKdtJmqZFH/XUTDp0lvhWfTp4gJU+oet9/Mb0q\nKjCd4aGE6xsmPUc5VjAxRQB44ne+QO61+cndUHF3XrTmBp0VhY7Uem9a+3A0\nakOm3R6jVMkgdu7ubwaPCMsI/lDmjc9lDatKJlDp7AAjoXQ4DjeXmicxgTiF\nPfPfs4MJyvAAoJC8SZxJZSw08ioe6XNPRufJB524RlFAlumQJDIk1pGMdqvq\n85gB\r\n=PxhU\r\n-----END PGP SIGNATURE-----\r\n"},"maintainers":[{"name":"bajtos","email":"mbajtoss@gmail.com"},{"name":"bnoordhuis","email":"info@bnoordhuis.nl"},{"name":"es128","email":"elan.shanker+npm@gmail.com"},{"name":"pipobscure","email":"pip@pipobscure.com"}],"directories":{},"_npmOperationalInternal":{"host":"s3://npm-registry-packages","tmp":"tmp/fsevents_1.2.7_1547826867585_0.6707229969998358"},"_hasShrinkwrap":false,"_from":"fsevents","_resolved":"https://registry.npmjs.org/fsevents/-/fsevents-1.2.7.tgz","_shasum":"4851b664a3783e52003b3c66eb0eee1074933aa4","_requested":{"raw":"fsevents","scope":null,"escapedName":"fsevents","name":"fsevents","rawSpec":"","spec":"latest","type":"tag"},"_spec":"fsevents","_where":"C:\\Users\\paulp\\Desktop\\Details","_args":[[{"raw":"fsevents","scope":null,"escapedName":"fsevents","name":"fsevents","rawSpec":"","spec":"latest","type":"tag"},"C:\\Users\\paulp\\Desktop\\Details"]],"readme":"ERROR: No README data found!"} (current: {"os":"win32","cpu":"x64"})
44 verbose stack     at checkPlatform (C:\Users\paulp\AppData\Roaming\nvm\v6.13.1\node_modules\npm\node_modules\npm-install-checks\index.js:45:14)
44 verbose stack     at thenWarnEngineIssues (C:\Users\paulp\AppData\Roaming\nvm\v6.13.1\node_modules\npm\lib\install\validate-args.js:41:5)
44 verbose stack     at C:\Users\paulp\AppData\Roaming\nvm\v6.13.1\node_modules\npm\node_modules\iferr\index.js:13:50
44 verbose stack     at checkEngine (C:\Users\paulp\AppData\Roaming\nvm\v6.13.1\node_modules\npm\node_modules\npm-install-checks\index.js:24:10)
44 verbose stack     at module.exports.isInstallable (C:\Users\paulp\AppData\Roaming\nvm\v6.13.1\node_modules\npm\lib\install\validate-args.js:38:3)
44 verbose stack     at Array.<anonymous> (C:\Users\paulp\AppData\Roaming\nvm\v6.13.1\node_modules\npm\node_modules\slide\lib\bind-actor.js:15:8)
44 verbose stack     at LOOP (C:\Users\paulp\AppData\Roaming\nvm\v6.13.1\node_modules\npm\node_modules\slide\lib\chain.js:15:14)
44 verbose stack     at C:\Users\paulp\AppData\Roaming\nvm\v6.13.1\node_modules\npm\node_modules\slide\lib\chain.js:18:7
44 verbose stack     at checkSelf (C:\Users\paulp\AppData\Roaming\nvm\v6.13.1\node_modules\npm\lib\install\validate-args.js:46:72)
44 verbose stack     at Array.<anonymous> (C:\Users\paulp\AppData\Roaming\nvm\v6.13.1\node_modules\npm\node_modules\slide\lib\bind-actor.js:15:8)
45 verbose pkgid fsevents@1.2.7
46 verbose cwd C:\Users\paulp\Desktop\Details
47 error Windows_NT 10.0.17134
48 error argv "C:\\Program Files\\nodejs\\node.exe" "C:\\Program Files\\nodejs\\node_modules\\npm\\bin\\npm-cli.js" "install" "fsevents" "--save" "--dev"
49 error node v6.13.1
50 error npm  v3.10.10
51 error code EBADPLATFORM
52 error notsup Unsupported platform for fsevents@1.2.7: wanted {"os":"darwin","arch":"any"} (current: {"os":"win32","arch":"x64"})
53 error notsup Valid OS:    darwin
53 error notsup Valid Arch:  any
53 error notsup Actual OS:   win32
53 error notsup Actual Arch: x64
54 verbose exit [ 1, true ]
